mode: set
github.com/Curt-Park/autology/internal/storage/graph_index.go:18.59,23.2 1 1
github.com/Curt-Park/autology/internal/storage/graph_index.go:26.42,27.58 1 1
github.com/Curt-Park/autology/internal/storage/graph_index.go:27.58,30.3 1 1
github.com/Curt-Park/autology/internal/storage/graph_index.go:32.2,33.16 2 1
github.com/Curt-Park/autology/internal/storage/graph_index.go:33.16,35.3 1 0
github.com/Curt-Park/autology/internal/storage/graph_index.go:37.2,37.57 1 1
github.com/Curt-Park/autology/internal/storage/graph_index.go:37.57,39.3 1 0
github.com/Curt-Park/autology/internal/storage/graph_index.go:41.2,41.12 1 1
github.com/Curt-Park/autology/internal/storage/graph_index.go:45.42,49.16 3 1
github.com/Curt-Park/autology/internal/storage/graph_index.go:49.16,51.3 1 0
github.com/Curt-Park/autology/internal/storage/graph_index.go:53.2,53.58 1 1
github.com/Curt-Park/autology/internal/storage/graph_index.go:53.58,55.3 1 0
github.com/Curt-Park/autology/internal/storage/graph_index.go:57.2,57.58 1 1
github.com/Curt-Park/autology/internal/storage/graph_index.go:57.58,60.3 2 0
github.com/Curt-Park/autology/internal/storage/graph_index.go:62.2,62.12 1 1
github.com/Curt-Park/autology/internal/storage/graph_index.go:66.132,69.42 2 1
github.com/Curt-Park/autology/internal/storage/graph_index.go:69.42,70.74 1 1
github.com/Curt-Park/autology/internal/storage/graph_index.go:70.74,80.9 3 1
github.com/Curt-Park/autology/internal/storage/graph_index.go:84.2,84.13 1 1
github.com/Curt-Park/autology/internal/storage/graph_index.go:84.13,94.3 2 1
github.com/Curt-Park/autology/internal/storage/graph_index.go:96.2,97.19 2 1
github.com/Curt-Park/autology/internal/storage/graph_index.go:101.95,103.42 2 1
github.com/Curt-Park/autology/internal/storage/graph_index.go:103.42,104.77 1 1
github.com/Curt-Park/autology/internal/storage/graph_index.go:104.77,106.4 1 0
github.com/Curt-Park/autology/internal/storage/graph_index.go:109.2,111.19 3 1
github.com/Curt-Park/autology/internal/storage/graph_index.go:115.70,117.42 2 1
github.com/Curt-Park/autology/internal/storage/graph_index.go:117.42,118.51 1 1
github.com/Curt-Park/autology/internal/storage/graph_index.go:118.51,120.4 1 0
github.com/Curt-Park/autology/internal/storage/graph_index.go:123.2,125.19 3 1
github.com/Curt-Park/autology/internal/storage/graph_index.go:139.89,142.42 2 1
github.com/Curt-Park/autology/internal/storage/graph_index.go:142.42,143.27 1 1
github.com/Curt-Park/autology/internal/storage/graph_index.go:143.27,152.4 1 1
github.com/Curt-Park/autology/internal/storage/graph_index.go:152.9,152.34 1 1
github.com/Curt-Park/autology/internal/storage/graph_index.go:152.34,161.4 1 1
github.com/Curt-Park/autology/internal/storage/graph_index.go:164.2,164.15 1 1
github.com/Curt-Park/autology/internal/storage/graph_index.go:168.69,171.42 2 1
github.com/Curt-Park/autology/internal/storage/graph_index.go:171.42,172.27 1 1
github.com/Curt-Park/autology/internal/storage/graph_index.go:172.27,174.4 1 1
github.com/Curt-Park/autology/internal/storage/graph_index.go:174.9,174.34 1 1
github.com/Curt-Park/autology/internal/storage/graph_index.go:174.34,176.4 1 1
github.com/Curt-Park/autology/internal/storage/graph_index.go:179.2,180.26 2 1
github.com/Curt-Park/autology/internal/storage/graph_index.go:180.26,182.3 1 1
github.com/Curt-Park/autology/internal/storage/graph_index.go:184.2,184.15 1 1
github.com/Curt-Park/autology/internal/storage/graph_index.go:188.36,194.2 1 1
github.com/Curt-Park/autology/internal/storage/markdown.go:13.56,34.24 4 1
github.com/Curt-Park/autology/internal/storage/markdown.go:34.24,36.3 1 0
github.com/Curt-Park/autology/internal/storage/markdown.go:38.2,40.52 3 1
github.com/Curt-Park/autology/internal/storage/markdown.go:40.52,42.3 1 0
github.com/Curt-Park/autology/internal/storage/markdown.go:43.2,51.26 4 1
github.com/Curt-Park/autology/internal/storage/markdown.go:55.56,58.20 2 1
github.com/Curt-Park/autology/internal/storage/markdown.go:58.20,60.3 1 0
github.com/Curt-Park/autology/internal/storage/markdown.go:63.2,64.71 2 1
github.com/Curt-Park/autology/internal/storage/markdown.go:64.71,66.3 1 0
github.com/Curt-Park/autology/internal/storage/markdown.go:69.2,83.57 3 1
github.com/Curt-Park/autology/internal/storage/markdown.go:83.57,85.3 1 1
github.com/Curt-Park/autology/internal/storage/markdown.go:88.2,88.56 1 1
github.com/Curt-Park/autology/internal/storage/markdown.go:88.56,89.47 1 1
github.com/Curt-Park/autology/internal/storage/markdown.go:89.47,91.4 1 1
github.com/Curt-Park/autology/internal/storage/markdown.go:93.2,93.58 1 1
github.com/Curt-Park/autology/internal/storage/markdown.go:93.58,94.48 1 1
github.com/Curt-Park/autology/internal/storage/markdown.go:94.48,96.4 1 1
github.com/Curt-Park/autology/internal/storage/markdown.go:100.2,100.56 1 1
github.com/Curt-Park/autology/internal/storage/markdown.go:100.56,102.3 1 0
github.com/Curt-Park/autology/internal/storage/markdown.go:105.2,108.62 2 1
github.com/Curt-Park/autology/internal/storage/markdown.go:108.62,109.26 1 1
github.com/Curt-Park/autology/internal/storage/markdown.go:109.26,110.52 1 0
github.com/Curt-Park/autology/internal/storage/markdown.go:110.52,115.55 2 0
github.com/Curt-Park/autology/internal/storage/markdown.go:115.55,117.6 1 0
github.com/Curt-Park/autology/internal/storage/markdown.go:118.5,118.55 1 0
github.com/Curt-Park/autology/internal/storage/markdown.go:118.55,120.6 1 0
github.com/Curt-Park/autology/internal/storage/markdown.go:121.5,121.49 1 0
github.com/Curt-Park/autology/internal/storage/markdown.go:126.2,126.18 1 1
github.com/Curt-Park/autology/internal/storage/markdown.go:130.61,131.34 1 1
github.com/Curt-Park/autology/internal/storage/markdown.go:131.34,133.3 1 1
github.com/Curt-Park/autology/internal/storage/markdown.go:134.2,134.11 1 0
github.com/Curt-Park/autology/internal/storage/markdown.go:137.68,138.41 1 1
github.com/Curt-Park/autology/internal/storage/markdown.go:138.41,140.26 2 1
github.com/Curt-Park/autology/internal/storage/markdown.go:140.26,141.34 1 1
github.com/Curt-Park/autology/internal/storage/markdown.go:141.34,143.5 1 1
github.com/Curt-Park/autology/internal/storage/markdown.go:145.3,145.16 1 1
github.com/Curt-Park/autology/internal/storage/markdown.go:147.2,147.19 1 0
github.com/Curt-Park/autology/internal/storage/markdown.go:150.45,156.33 2 1
github.com/Curt-Park/autology/internal/storage/markdown.go:156.33,157.50 1 1
github.com/Curt-Park/autology/internal/storage/markdown.go:157.50,159.4 1 1
github.com/Curt-Park/autology/internal/storage/markdown.go:161.2,161.63 1 0
github.com/Curt-Park/autology/internal/storage/node_store.go:16.47,20.2 1 1
github.com/Curt-Park/autology/internal/storage/node_store.go:23.41,34.27 2 1
github.com/Curt-Park/autology/internal/storage/node_store.go:34.27,36.49 2 1
github.com/Curt-Park/autology/internal/storage/node_store.go:36.49,38.4 1 0
github.com/Curt-Park/autology/internal/storage/node_store.go:41.2,41.12 1 1
github.com/Curt-Park/autology/internal/storage/node_store.go:45.71,47.2 1 1
github.com/Curt-Park/autology/internal/storage/node_store.go:50.59,54.45 2 1
github.com/Curt-Park/autology/internal/storage/node_store.go:54.45,56.3 1 0
github.com/Curt-Park/autology/internal/storage/node_store.go:59.2,60.16 2 1
github.com/Curt-Park/autology/internal/storage/node_store.go:60.16,62.3 1 0
github.com/Curt-Park/autology/internal/storage/node_store.go:65.2,66.70 2 1
github.com/Curt-Park/autology/internal/storage/node_store.go:66.70,68.3 1 0
github.com/Curt-Park/autology/internal/storage/node_store.go:70.2,70.53 1 1
github.com/Curt-Park/autology/internal/storage/node_store.go:70.53,73.3 2 0
github.com/Curt-Park/autology/internal/storage/node_store.go:75.2,75.12 1 1
github.com/Curt-Park/autology/internal/storage/node_store.go:79.84,83.16 3 1
github.com/Curt-Park/autology/internal/storage/node_store.go:83.16,84.25 1 1
github.com/Curt-Park/autology/internal/storage/node_store.go:84.25,86.4 1 1
github.com/Curt-Park/autology/internal/storage/node_store.go:87.3,87.74 1 0
github.com/Curt-Park/autology/internal/storage/node_store.go:90.2,91.16 2 1
github.com/Curt-Park/autology/internal/storage/node_store.go:91.16,93.3 1 0
github.com/Curt-Park/autology/internal/storage/node_store.go:95.2,95.18 1 1
github.com/Curt-Park/autology/internal/storage/node_store.go:99.59,103.53 2 1
github.com/Curt-Park/autology/internal/storage/node_store.go:103.53,105.3 1 0
github.com/Curt-Park/autology/internal/storage/node_store.go:108.2,109.16 2 1
github.com/Curt-Park/autology/internal/storage/node_store.go:109.16,111.3 1 0
github.com/Curt-Park/autology/internal/storage/node_store.go:114.2,115.70 2 1
github.com/Curt-Park/autology/internal/storage/node_store.go:115.70,117.3 1 0
github.com/Curt-Park/autology/internal/storage/node_store.go:119.2,119.53 1 1
github.com/Curt-Park/autology/internal/storage/node_store.go:119.53,122.3 2 0
github.com/Curt-Park/autology/internal/storage/node_store.go:124.2,124.12 1 1
github.com/Curt-Park/autology/internal/storage/node_store.go:128.69,131.44 2 1
github.com/Curt-Park/autology/internal/storage/node_store.go:131.44,132.25 1 0
github.com/Curt-Park/autology/internal/storage/node_store.go:132.25,134.4 1 0
github.com/Curt-Park/autology/internal/storage/node_store.go:135.3,135.54 1 0
github.com/Curt-Park/autology/internal/storage/node_store.go:138.2,138.12 1 1
github.com/Curt-Park/autology/internal/storage/node_store.go:142.65,143.37 1 1
github.com/Curt-Park/autology/internal/storage/node_store.go:143.37,145.17 2 1
github.com/Curt-Park/autology/internal/storage/node_store.go:145.17,147.4 1 1
github.com/Curt-Park/autology/internal/storage/node_store.go:149.2,149.62 1 0
github.com/Curt-Park/autology/internal/storage/node_store.go:153.77,157.16 3 1
github.com/Curt-Park/autology/internal/storage/node_store.go:157.16,159.3 1 0
github.com/Curt-Park/autology/internal/storage/node_store.go:161.2,162.29 2 1
github.com/Curt-Park/autology/internal/storage/node_store.go:162.29,163.61 1 1
github.com/Curt-Park/autology/internal/storage/node_store.go:163.61,166.18 3 1
github.com/Curt-Park/autology/internal/storage/node_store.go:166.18,167.13 1 0
github.com/Curt-Park/autology/internal/storage/node_store.go:169.4,169.31 1 1
github.com/Curt-Park/autology/internal/storage/node_store.go:173.2,173.19 1 1
github.com/Curt-Park/autology/internal/storage/node_store.go:177.77,179.41 2 1
github.com/Curt-Park/autology/internal/storage/node_store.go:179.41,181.3 1 1
github.com/Curt-Park/autology/internal/storage/node_store.go:181.8,183.3 1 1
github.com/Curt-Park/autology/internal/storage/node_store.go:185.2,186.33 2 1
github.com/Curt-Park/autology/internal/storage/node_store.go:186.33,189.49 2 1
github.com/Curt-Park/autology/internal/storage/node_store.go:189.49,190.12 1 0
github.com/Curt-Park/autology/internal/storage/node_store.go:193.3,194.17 2 1
github.com/Curt-Park/autology/internal/storage/node_store.go:194.17,195.12 1 0
github.com/Curt-Park/autology/internal/storage/node_store.go:198.3,198.30 1 1
github.com/Curt-Park/autology/internal/storage/node_store.go:198.30,199.62 1 1
github.com/Curt-Park/autology/internal/storage/node_store.go:199.62,202.19 3 1
github.com/Curt-Park/autology/internal/storage/node_store.go:202.19,203.14 1 0
github.com/Curt-Park/autology/internal/storage/node_store.go:206.5,206.39 1 1
github.com/Curt-Park/autology/internal/storage/node_store.go:206.39,208.6 1 1
github.com/Curt-Park/autology/internal/storage/node_store.go:213.2,213.19 1 1
github.com/Curt-Park/autology/internal/storage/node_store.go:217.81,218.19 1 1
github.com/Curt-Park/autology/internal/storage/node_store.go:218.19,220.3 1 1
github.com/Curt-Park/autology/internal/storage/node_store.go:222.2,222.53 1 1
github.com/Curt-Park/autology/internal/storage/node_store.go:222.53,224.3 1 0
github.com/Curt-Park/autology/internal/storage/node_store.go:226.2,226.59 1 1
github.com/Curt-Park/autology/internal/storage/node_store.go:226.59,228.3 1 0
github.com/Curt-Park/autology/internal/storage/node_store.go:230.2,230.76 1 1
github.com/Curt-Park/autology/internal/storage/node_store.go:230.76,232.3 1 1
github.com/Curt-Park/autology/internal/storage/node_store.go:234.2,234.26 1 1
github.com/Curt-Park/autology/internal/storage/node_store.go:234.26,235.41 1 0
github.com/Curt-Park/autology/internal/storage/node_store.go:235.41,237.38 2 0
github.com/Curt-Park/autology/internal/storage/node_store.go:237.38,238.29 1 0
github.com/Curt-Park/autology/internal/storage/node_store.go:238.29,240.11 2 0
github.com/Curt-Park/autology/internal/storage/node_store.go:243.4,243.14 1 0
github.com/Curt-Park/autology/internal/storage/node_store.go:243.14,245.5 1 0
github.com/Curt-Park/autology/internal/storage/node_store.go:249.2,249.29 1 1
github.com/Curt-Park/autology/internal/storage/node_store.go:249.29,251.38 2 0
github.com/Curt-Park/autology/internal/storage/node_store.go:251.38,252.39 1 0
github.com/Curt-Park/autology/internal/storage/node_store.go:252.39,254.10 2 0
github.com/Curt-Park/autology/internal/storage/node_store.go:257.3,257.13 1 0
github.com/Curt-Park/autology/internal/storage/node_store.go:257.13,259.4 1 0
github.com/Curt-Park/autology/internal/storage/node_store.go:262.2,262.31 1 1
github.com/Curt-Park/autology/internal/storage/node_store.go:262.31,267.47 3 1
github.com/Curt-Park/autology/internal/storage/node_store.go:267.47,269.4 1 1
github.com/Curt-Park/autology/internal/storage/node_store.go:272.2,272.13 1 1
github.com/Curt-Park/autology/internal/storage/search.go:17.87,22.2 1 1
github.com/Curt-Park/autology/internal/storage/search.go:25.99,28.16 2 1
github.com/Curt-Park/autology/internal/storage/search.go:28.16,30.3 1 0
github.com/Curt-Park/autology/internal/storage/search.go:33.2,34.29 2 1
github.com/Curt-Park/autology/internal/storage/search.go:34.29,39.3 1 1
github.com/Curt-Park/autology/internal/storage/search.go:42.2,42.38 1 1
github.com/Curt-Park/autology/internal/storage/search.go:42.38,43.41 1 1
github.com/Curt-Park/autology/internal/storage/search.go:43.41,44.43 1 1
github.com/Curt-Park/autology/internal/storage/search.go:44.43,46.5 1 0
github.com/Curt-Park/autology/internal/storage/search.go:51.2,51.28 1 1
github.com/Curt-Park/autology/internal/storage/search.go:51.28,53.3 1 0
github.com/Curt-Park/autology/internal/storage/search.go:54.2,55.24 2 1
github.com/Curt-Park/autology/internal/storage/search.go:55.24,57.3 1 1
github.com/Curt-Park/autology/internal/storage/search.go:59.2,59.33 1 1
github.com/Curt-Park/autology/internal/storage/search.go:63.90,68.16 4 1
github.com/Curt-Park/autology/internal/storage/search.go:68.16,70.3 1 0
github.com/Curt-Park/autology/internal/storage/search.go:73.2,74.33 2 1
github.com/Curt-Park/autology/internal/storage/search.go:74.33,76.3 1 1
github.com/Curt-Park/autology/internal/storage/search.go:79.2,79.42 1 1
github.com/Curt-Park/autology/internal/storage/search.go:79.42,80.45 1 1
github.com/Curt-Park/autology/internal/storage/search.go:80.45,81.51 1 1
github.com/Curt-Park/autology/internal/storage/search.go:81.51,83.5 1 0
github.com/Curt-Park/autology/internal/storage/search.go:87.2,87.25 1 1
github.com/Curt-Park/autology/internal/storage/search.go:91.88,93.16 2 1
github.com/Curt-Park/autology/internal/storage/search.go:93.16,95.3 1 0
github.com/Curt-Park/autology/internal/storage/search.go:97.2,99.29 2 1
github.com/Curt-Park/autology/internal/storage/search.go:99.29,101.20 2 1
github.com/Curt-Park/autology/internal/storage/search.go:101.20,103.29 2 1
github.com/Curt-Park/autology/internal/storage/search.go:103.29,105.39 2 1
github.com/Curt-Park/autology/internal/storage/search.go:105.39,106.24 1 1
github.com/Curt-Park/autology/internal/storage/search.go:106.24,108.12 2 1
github.com/Curt-Park/autology/internal/storage/search.go:111.5,111.15 1 1
github.com/Curt-Park/autology/internal/storage/search.go:111.15,113.11 2 1
github.com/Curt-Park/autology/internal/storage/search.go:116.9,117.29 1 1
github.com/Curt-Park/autology/internal/storage/search.go:117.29,118.39 1 1
github.com/Curt-Park/autology/internal/storage/search.go:118.39,119.24 1 1
github.com/Curt-Park/autology/internal/storage/search.go:119.24,121.12 2 1
github.com/Curt-Park/autology/internal/storage/search.go:124.5,124.17 1 1
github.com/Curt-Park/autology/internal/storage/search.go:124.17,125.11 1 1
github.com/Curt-Park/autology/internal/storage/search.go:130.3,130.15 1 1
github.com/Curt-Park/autology/internal/storage/search.go:130.15,136.4 2 1
github.com/Curt-Park/autology/internal/storage/search.go:140.2,140.38 1 1
github.com/Curt-Park/autology/internal/storage/search.go:140.38,141.41 1 1
github.com/Curt-Park/autology/internal/storage/search.go:141.41,142.43 1 1
github.com/Curt-Park/autology/internal/storage/search.go:142.43,144.5 1 0
github.com/Curt-Park/autology/internal/storage/search.go:148.2,148.21 1 1
github.com/Curt-Park/autology/internal/storage/search.go:152.89,154.16 2 1
github.com/Curt-Park/autology/internal/storage/search.go:154.16,156.3 1 0
github.com/Curt-Park/autology/internal/storage/search.go:158.2,162.29 4 1
github.com/Curt-Park/autology/internal/storage/search.go:162.29,164.16 2 1
github.com/Curt-Park/autology/internal/storage/search.go:164.16,169.4 1 1
github.com/Curt-Park/autology/internal/storage/search.go:173.2,173.38 1 1
github.com/Curt-Park/autology/internal/storage/search.go:173.38,174.41 1 1
github.com/Curt-Park/autology/internal/storage/search.go:174.41,175.43 1 1
github.com/Curt-Park/autology/internal/storage/search.go:175.43,177.5 1 1
github.com/Curt-Park/autology/internal/storage/search.go:182.2,182.26 1 1
github.com/Curt-Park/autology/internal/storage/search.go:182.26,184.3 1 1
github.com/Curt-Park/autology/internal/storage/search.go:186.2,186.21 1 1
github.com/Curt-Park/autology/internal/storage/search.go:190.86,192.16 2 1
github.com/Curt-Park/autology/internal/storage/search.go:192.16,194.3 1 0
github.com/Curt-Park/autology/internal/storage/search.go:196.2,198.29 2 1
github.com/Curt-Park/autology/internal/storage/search.go:198.29,199.39 1 1
github.com/Curt-Park/autology/internal/storage/search.go:199.39,200.39 1 1
github.com/Curt-Park/autology/internal/storage/search.go:200.39,205.10 2 1
github.com/Curt-Park/autology/internal/storage/search.go:210.2,210.21 1 1
github.com/Curt-Park/autology/internal/storage/search.go:214.92,217.19 2 1
github.com/Curt-Park/autology/internal/storage/search.go:217.19,219.3 1 1
github.com/Curt-Park/autology/internal/storage/search.go:222.2,222.53 1 1
github.com/Curt-Park/autology/internal/storage/search.go:222.53,224.3 1 1
github.com/Curt-Park/autology/internal/storage/search.go:227.2,227.26 1 1
github.com/Curt-Park/autology/internal/storage/search.go:227.26,230.3 2 1
github.com/Curt-Park/autology/internal/storage/search.go:233.2,233.31 1 1
github.com/Curt-Park/autology/internal/storage/search.go:233.31,237.3 3 1
github.com/Curt-Park/autology/internal/storage/search.go:240.2,240.29 1 1
github.com/Curt-Park/autology/internal/storage/search.go:240.29,241.38 1 1
github.com/Curt-Park/autology/internal/storage/search.go:241.38,242.39 1 1
github.com/Curt-Park/autology/internal/storage/search.go:242.39,244.10 2 1
github.com/Curt-Park/autology/internal/storage/search.go:250.2,254.29 4 1
github.com/Curt-Park/autology/internal/storage/search.go:258.91,259.26 1 1
github.com/Curt-Park/autology/internal/storage/search.go:259.26,261.3 1 1
github.com/Curt-Park/autology/internal/storage/search.go:263.2,264.39 2 1
github.com/Curt-Park/autology/internal/storage/search.go:264.39,265.36 1 1
github.com/Curt-Park/autology/internal/storage/search.go:265.36,266.28 1 1
github.com/Curt-Park/autology/internal/storage/search.go:266.28,268.10 2 1
github.com/Curt-Park/autology/internal/storage/search.go:273.2,273.52 1 1
github.com/Curt-Park/autology/internal/storage/search.go:277.93,281.34 3 1
github.com/Curt-Park/autology/internal/storage/search.go:281.34,282.35 1 1
github.com/Curt-Park/autology/internal/storage/search.go:282.35,287.4 3 1
github.com/Curt-Park/autology/internal/storage/search.go:290.2,290.26 1 1
github.com/Curt-Park/autology/internal/storage/search.go:290.26,292.3 1 0
github.com/Curt-Park/autology/internal/storage/search.go:294.2,294.56 1 1
github.com/Curt-Park/autology/internal/storage/search.go:304.9,305.42 1 1
github.com/Curt-Park/autology/internal/storage/search.go:305.42,307.3 1 1
github.com/Curt-Park/autology/internal/storage/search.go:309.2,314.39 3 1
github.com/Curt-Park/autology/internal/storage/search.go:314.39,315.26 1 1
github.com/Curt-Park/autology/internal/storage/search.go:315.26,318.18 2 1
github.com/Curt-Park/autology/internal/storage/search.go:318.18,319.13 1 0
github.com/Curt-Park/autology/internal/storage/search.go:323.4,327.73 3 1
github.com/Curt-Park/autology/internal/storage/search.go:327.73,332.5 1 1
github.com/Curt-Park/autology/internal/storage/search.go:335.4,336.18 2 1
github.com/Curt-Park/autology/internal/storage/search.go:336.18,338.5 1 0
github.com/Curt-Park/autology/internal/storage/search.go:342.2,342.12 1 1
github.com/Curt-Park/autology/internal/storage/types.go:127.93,143.2 2 1
github.com/Curt-Park/autology/internal/storage/types.go:146.92,150.48 3 1
github.com/Curt-Park/autology/internal/storage/types.go:150.48,152.3 1 1
github.com/Curt-Park/autology/internal/storage/types.go:153.2,153.52 1 1
github.com/Curt-Park/autology/internal/storage/types.go:153.52,155.3 1 0
github.com/Curt-Park/autology/internal/storage/types.go:156.2,156.48 1 1
github.com/Curt-Park/autology/internal/storage/types.go:156.48,158.3 1 1
github.com/Curt-Park/autology/internal/storage/types.go:159.2,159.54 1 1
github.com/Curt-Park/autology/internal/storage/types.go:159.54,161.3 1 0
github.com/Curt-Park/autology/internal/storage/types.go:162.2,162.59 1 1
github.com/Curt-Park/autology/internal/storage/types.go:162.59,164.3 1 0
github.com/Curt-Park/autology/internal/storage/types.go:166.2,166.16 1 1
github.com/Curt-Park/autology/internal/classification/classifier.go:32.69,34.29 1 1
github.com/Curt-Park/autology/internal/classification/classifier.go:34.29,42.3 1 1
github.com/Curt-Park/autology/internal/classification/classifier.go:45.2,48.48 2 1
github.com/Curt-Park/autology/internal/classification/classifier.go:48.48,56.3 1 1
github.com/Curt-Park/autology/internal/classification/classifier.go:59.2,63.35 3 1
github.com/Curt-Park/autology/internal/classification/classifier.go:63.35,68.3 1 1
github.com/Curt-Park/autology/internal/classification/classifier.go:72.2,78.3 1 1
github.com/Curt-Park/autology/internal/classification/classifier.go:82.76,84.29 2 1
github.com/Curt-Park/autology/internal/classification/classifier.go:84.29,86.3 1 1
github.com/Curt-Park/autology/internal/classification/classifier.go:87.2,87.16 1 1
github.com/Curt-Park/autology/internal/classification/classifier.go:92.94,99.60 2 1
github.com/Curt-Park/autology/internal/classification/classifier.go:99.60,101.3 1 1
github.com/Curt-Park/autology/internal/classification/classifier.go:104.2,104.12 1 1
github.com/Curt-Park/autology/internal/classification/heuristics.go:94.82,99.18 3 1
github.com/Curt-Park/autology/internal/classification/heuristics.go:99.18,101.3 1 1
github.com/Curt-Park/autology/internal/classification/heuristics.go:104.2,105.45 2 1
github.com/Curt-Park/autology/internal/classification/heuristics.go:105.45,107.3 1 1
github.com/Curt-Park/autology/internal/classification/heuristics.go:109.2,109.57 1 1
github.com/Curt-Park/autology/internal/classification/heuristics.go:109.57,112.36 2 1
github.com/Curt-Park/autology/internal/classification/heuristics.go:112.36,113.45 1 1
github.com/Curt-Park/autology/internal/classification/heuristics.go:113.45,114.40 1 1
github.com/Curt-Park/autology/internal/classification/heuristics.go:114.40,116.6 1 1
github.com/Curt-Park/autology/internal/classification/heuristics.go:121.3,121.45 1 1
github.com/Curt-Park/autology/internal/classification/heuristics.go:121.45,123.4 1 1
github.com/Curt-Park/autology/internal/classification/heuristics.go:125.3,125.31 1 1
github.com/Curt-Park/autology/internal/classification/heuristics.go:129.2,132.38 3 1
github.com/Curt-Park/autology/internal/classification/heuristics.go:132.38,133.24 1 1
github.com/Curt-Park/autology/internal/classification/heuristics.go:133.24,136.4 2 1
github.com/Curt-Park/autology/internal/classification/heuristics.go:140.2,150.3 4 1
github.com/Curt-Park/autology/internal/classification/heuristics.go:154.110,158.35 3 1
github.com/Curt-Park/autology/internal/classification/heuristics.go:158.35,159.44 1 1
github.com/Curt-Park/autology/internal/classification/heuristics.go:159.44,160.39 1 1
github.com/Curt-Park/autology/internal/classification/heuristics.go:160.39,162.34 2 1
github.com/Curt-Park/autology/internal/classification/heuristics.go:162.34,163.11 1 1
github.com/Curt-Park/autology/internal/classification/heuristics.go:167.3,167.32 1 1
github.com/Curt-Park/autology/internal/classification/heuristics.go:167.32,168.9 1 1
github.com/Curt-Park/autology/internal/classification/heuristics.go:173.2,179.38 3 1
github.com/Curt-Park/autology/internal/classification/heuristics.go:179.38,180.29 1 1
github.com/Curt-Park/autology/internal/classification/heuristics.go:180.29,182.4 1 1
github.com/Curt-Park/autology/internal/classification/heuristics.go:186.2,186.43 1 1
github.com/Curt-Park/autology/internal/classification/heuristics.go:186.43,187.46 1 1
github.com/Curt-Park/autology/internal/classification/heuristics.go:187.46,188.53 1 1
github.com/Curt-Park/autology/internal/classification/heuristics.go:188.53,190.5 1 1
github.com/Curt-Park/autology/internal/classification/heuristics.go:194.2,197.77 2 1
github.com/Curt-Park/autology/internal/classification/heuristics.go:197.77,200.3 1 0
github.com/Curt-Park/autology/internal/classification/heuristics.go:202.2,202.18 1 1
github.com/Curt-Park/autology/internal/classification/heuristics.go:206.66,208.2 1 1
github.com/Curt-Park/autology/internal/classification/heuristics.go:211.72,221.57 4 1
github.com/Curt-Park/autology/internal/classification/heuristics.go:221.57,224.36 2 1
github.com/Curt-Park/autology/internal/classification/heuristics.go:224.36,225.45 1 1
github.com/Curt-Park/autology/internal/classification/heuristics.go:225.45,226.40 1 1
github.com/Curt-Park/autology/internal/classification/heuristics.go:226.40,228.6 1 1
github.com/Curt-Park/autology/internal/classification/heuristics.go:232.3,232.20 1 1
github.com/Curt-Park/autology/internal/classification/heuristics.go:232.20,234.4 1 1
github.com/Curt-Park/autology/internal/classification/heuristics.go:238.2,238.37 1 1
github.com/Curt-Park/autology/internal/classification/heuristics.go:238.37,239.40 1 1
github.com/Curt-Park/autology/internal/classification/heuristics.go:239.40,240.41 1 1
github.com/Curt-Park/autology/internal/classification/heuristics.go:240.41,242.5 1 1
github.com/Curt-Park/autology/internal/classification/heuristics.go:247.2,251.25 4 1
github.com/Curt-Park/autology/internal/classification/heuristics.go:251.25,253.3 1 1
github.com/Curt-Park/autology/internal/classification/heuristics.go:255.2,255.29 1 1
github.com/Curt-Park/autology/internal/classification/heuristics.go:255.29,261.3 1 1
github.com/Curt-Park/autology/internal/classification/heuristics.go:263.2,263.16 1 1
github.com/Curt-Park/autology/internal/classification/heuristics.go:267.65,269.2 1 1
